go task
2023-06-01
six month end_date 2023-06-30
2
2004-05-07
3
2005-12-19
9
2007-01-08
10
2001-01-01
47
2001-01-01
48
2004-05-07
49
2005-04-04
50
2005-12-19
51
2007-01-08
52
2011-02-21
53
2011-08-16
54
2016-09-21
55
2016-12-12
56
2016-03-01
57
2017-10-18
58
2017-07-13
59
2017-06-28
60
2018-03-07
61
2018-07-09
62
2018-11-02
63
2018-03-05
64
2019-02-01
65
2019-06-11
66
2020-10-19
67
2020-02-17
68
2020-03-16
69
2020-09-16
70
2021-09-13
71
2021-03-02
72
2022-10-17
73
2023-01-03
74
2022-03-21
75
2023-03-01
76
2023-05-15
77
2023-05-02
78
2023-09-14
79
end
go task
2021-06-01
2
2004-05-07
3
2005-12-19
9
2007-01-08
10
2001-01-01
47
2001-01-01
48
2004-05-07
49
2005-04-04
50
2005-12-19
51
2007-01-08
52
2011-02-21
53
2011-08-16
54
2016-09-21
55
2016-12-12
56
2016-03-01
57
2017-10-18
58
2017-07-13
59
2017-06-28
60
2018-03-07
61
2018-07-09
62
2018-11-02
63
2018-03-05
64
2019-02-01
65
2019-06-11
66
2020-10-19
67
2020-02-17
68
2020-03-16
69
2020-09-16
70
2021-09-13
71
2021-03-02
72
2022-10-17
73
2023-01-03
74
2022-03-21
75
2023-03-01
76
2023-05-15
77
2023-05-02
78
2023-09-14
79
end
go task
2021-02-06
give_day 14
 year end_date 2025-02-05
2
2004-05-07
3
2005-12-19
9
2007-01-08
10
2001-01-01
47
2001-01-01
48
2004-05-07
49
2005-04-04
50
2005-12-19
51
2007-01-08
52
2011-02-21
53
2011-08-16
54
2016-09-21
55
2016-12-12
56
2016-03-01
57
2017-10-18
58
2017-07-13
59
2017-06-28
60
2018-03-07
61
2018-07-09
62
2018-11-02
63
2018-03-05
64
2019-02-01
65
2019-06-11
66
2020-10-19
67
2020-02-17
68
2020-03-16
69
2020-09-16
70
2021-09-13
71
2021-03-02
72
2022-10-17
73
2023-01-03
74
2022-03-21
75
2023-03-01
76
2023-05-15
77
2023-05-02
78
2023-09-14
79
end
Traceback (most recent call last):
  File "D:\Github_Desktop\ERP\manage.py", line 22, in <module>
    main()
  File "D:\Github_Desktop\ERP\manage.py", line 18, in main
    execute_from_command_line(sys.argv)
  File "D:\python3.11.4\Lib\site-packages\django\core\management\__init__.py", line 419, in execute_from_command_line
    utility.execute()
  File "D:\python3.11.4\Lib\site-packages\django\core\management\__init__.py", line 413, in execute
    self.fetch_command(subcommand).run_from_argv(self.argv)
  File "D:\python3.11.4\Lib\site-packages\django\core\management\base.py", line 354, in run_from_argv
    self.execute(*args, **cmd_options)
  File "D:\python3.11.4\Lib\site-packages\django\core\management\base.py", line 398, in execute
    output = self.handle(*args, **options)
             ^^^^^^^^^^^^^^^^^^^^^^^^^^^^^
  File "D:\python3.11.4\Lib\site-packages\background_task\management\commands\process_tasks.py", line 123, in handle
    self.run(*args, **options)
  File "D:\python3.11.4\Lib\site-packages\background_task\management\commands\process_tasks.py", line 109, in run
    time.sleep(sleep)
KeyboardInterrupt
Exception ignored in: <function Pool.__del__ at 0x00000293582D8400>
Traceback (most recent call last):
  File "D:\python3.11.4\Lib\multiprocessing\pool.py", line 271, in __del__
  File "D:\python3.11.4\Lib\multiprocessing\queues.py", line 371, in put
AttributeError: 'NoneType' object has no attribute 'dumps'
^C